2019-25-21 12:25:24.362 [main] INFO  name - Restored text:
2019-25-21 12:25:24.365 [main] INFO  name - 0
2019-25-21 12:25:24.367 [main] INFO  name - 
2019-25-21 12:25:24.369 [main] INFO  name - Sorted paragraphs:
2019-25-21 12:25:24.371 [main] INFO  name - Sorted words in sentences:
2019-25-21 12:25:24.373 [main] INFO  name - Sorted lexemes by symbol:
2019-26-21 12:26:20.066 [main] INFO  name - Restored text:
2019-26-21 12:26:20.069 [main] INFO  name - 0
2019-26-21 12:26:20.070 [main] INFO  name - 
2019-26-21 12:26:20.072 [main] INFO  name - Sorted paragraphs:
2019-26-21 12:26:20.075 [main] INFO  name - Sorted words in sentences:
2019-26-21 12:26:20.077 [main] INFO  name - Sorted lexemes by symbol:
2019-26-21 12:26:57.095 [main] INFO  name - Restored text:
2019-26-21 12:26:57.099 [main] INFO  name - 0
2019-26-21 12:26:57.101 [main] INFO  name - 
2019-26-21 12:26:57.102 [main] INFO  name - Sorted paragraphs:
2019-26-21 12:26:57.104 [main] INFO  name - Sorted words in sentences:
2019-26-21 12:26:57.106 [main] INFO  name - Sorted lexemes by symbol:
2019-27-21 12:27:28.615 [main] INFO  name - Restored text:
2019-27-21 12:27:28.617 [main] INFO  name - 0
2019-27-21 12:27:28.618 [main] INFO  name - 
2019-27-21 12:27:28.620 [main] INFO  name - Sorted paragraphs:
2019-27-21 12:27:28.622 [main] INFO  name - Sorted words in sentences:
2019-27-21 12:27:28.623 [main] INFO  name - Sorted lexemes by symbol:
2019-27-21 12:27:53.535 [main] INFO  name - Restored text:
2019-27-21 12:27:53.538 [main] INFO  name - 0
2019-27-21 12:27:53.540 [main] INFO  name - 
2019-27-21 12:27:53.542 [main] INFO  name - Sorted paragraphs:
2019-27-21 12:27:53.545 [main] INFO  name - Sorted words in sentences:
2019-27-21 12:27:53.547 [main] INFO  name - Sorted lexemes by symbol:
2019-29-21 12:29:04.580 [main] INFO  name - Restored text:
2019-29-21 12:29:04.583 [main] INFO  name - 0
2019-29-21 12:29:04.585 [main] INFO  name - 
2019-29-21 12:29:04.587 [main] INFO  name - Sorted paragraphs:
2019-29-21 12:29:04.589 [main] INFO  name - Sorted words in sentences:
2019-29-21 12:29:04.591 [main] INFO  name - Sorted lexemes by symbol:
2019-29-21 12:29:55.722 [main] INFO  name - Restored text:
2019-29-21 12:29:55.724 [main] INFO  name - 2
2019-29-21 12:29:55.726 [main] INFO  name -     Sobaka. Koshka. Kartoshka. 
    Ssd. 

2019-29-21 12:29:55.727 [main] INFO  name - Sorted paragraphs:
2019-29-21 12:29:55.728 [main] INFO  name - Ssd. 
2019-29-21 12:29:55.728 [main] INFO  name - Sobaka. Koshka. Kartoshka. 
2019-29-21 12:29:55.730 [main] INFO  name - Sorted words in sentences:
2019-29-21 12:29:55.731 [main] INFO  name - Sobaka. 
2019-29-21 12:29:55.731 [main] INFO  name - Koshka. 
2019-29-21 12:29:55.731 [main] INFO  name - Kartoshka. 
2019-29-21 12:29:55.731 [main] INFO  name - Ssd. 
2019-29-21 12:29:55.734 [main] INFO  name - Sorted lexemes by symbol:
2019-29-21 12:29:55.734 [main] INFO  name - Kartoshka. 
2019-29-21 12:29:55.735 [main] INFO  name - Koshka. 
2019-29-21 12:29:55.735 [main] INFO  name - Sobaka. 
2019-29-21 12:29:55.735 [main] INFO  name - Ssd. 
2019-19-21 17:19:05.093 [main] INFO  name - Restored text:
2019-19-21 17:19:05.096 [main] INFO  name - 2
2019-19-21 17:19:05.097 [main] INFO  name -     Sobaka. Koshka. Kartoshka. 
    Ssd. 

2019-19-21 17:19:05.099 [main] INFO  name - Sorted paragraphs:
2019-19-21 17:19:05.100 [main] INFO  name - Ssd. 
2019-19-21 17:19:05.100 [main] INFO  name - Sobaka. Koshka. Kartoshka. 
2019-19-21 17:19:05.103 [main] INFO  name - Sorted words in sentences:
2019-19-21 17:19:05.103 [main] INFO  name - Sobaka. 
2019-19-21 17:19:05.104 [main] INFO  name - Koshka. 
2019-19-21 17:19:05.104 [main] INFO  name - Kartoshka. 
2019-19-21 17:19:05.104 [main] INFO  name - Ssd. 
2019-19-21 17:19:05.107 [main] INFO  name - Sorted lexemes by symbol:
2019-19-21 17:19:05.107 [main] INFO  name - Kartoshka. 
2019-19-21 17:19:05.107 [main] INFO  name - Koshka. 
2019-19-21 17:19:05.107 [main] INFO  name - Sobaka. 
2019-19-21 17:19:05.107 [main] INFO  name - Ssd. 
2019-38-21 17:38:23.747 [main] INFO  name - Restored text:
2019-38-21 17:38:23.750 [main] INFO  name - 3
2019-38-21 17:38:23.752 [main] INFO  name -     Sobaka. Koshka. Kartoshka. 
    Ssd. 
    Ne ponyal. 

2019-38-21 17:38:23.754 [main] INFO  name - Sorted paragraphs:
2019-38-21 17:38:23.754 [main] INFO  name - Ssd. 
2019-38-21 17:38:23.754 [main] INFO  name - Ne ponyal. 
2019-38-21 17:38:23.754 [main] INFO  name - Sobaka. Koshka. Kartoshka. 
2019-38-21 17:38:23.758 [main] INFO  name - Sorted words in sentences:
2019-38-21 17:38:23.758 [main] INFO  name - Sobaka. 
2019-38-21 17:38:23.759 [main] INFO  name - Koshka. 
2019-38-21 17:38:23.759 [main] INFO  name - Kartoshka. 
2019-38-21 17:38:23.759 [main] INFO  name - Ssd. 
2019-38-21 17:38:23.759 [main] INFO  name - Ne ponyal. 
2019-38-21 17:38:23.762 [main] INFO  name - Sorted lexemes by symbol:
2019-38-21 17:38:23.762 [main] INFO  name - Kartoshka. 
2019-38-21 17:38:23.762 [main] INFO  name - Koshka. 
2019-38-21 17:38:23.762 [main] INFO  name - Sobaka. 
2019-38-21 17:38:23.763 [main] INFO  name - Ssd. 
2019-38-21 17:38:23.763 [main] INFO  name - ponyal. 
2019-38-21 17:38:23.763 [main] INFO  name - Ne 
2019-41-21 17:41:57.064 [main] INFO  name - Restored text:
2019-41-21 17:41:57.066 [main] INFO  name - 3
2019-41-21 17:41:57.068 [main] INFO  name -     Sobaka Koshka Kartoshka. Vot. Tak. 
    Ssd. 
    Ne ponyal. 

2019-41-21 17:41:57.070 [main] INFO  name - Sorted paragraphs:
2019-41-21 17:41:57.071 [main] INFO  name - Ssd. 
2019-41-21 17:41:57.071 [main] INFO  name - Ne ponyal. 
2019-41-21 17:41:57.071 [main] INFO  name - Sobaka Koshka Kartoshka. Vot. Tak. 
2019-41-21 17:41:57.074 [main] INFO  name - Sorted words in sentences:
2019-41-21 17:41:57.075 [main] INFO  name - Sobaka Koshka Kartoshka. 
2019-41-21 17:41:57.075 [main] INFO  name - Vot. 
2019-41-21 17:41:57.075 [main] INFO  name - Tak. 
2019-41-21 17:41:57.075 [main] INFO  name - Ssd. 
2019-41-21 17:41:57.075 [main] INFO  name - Ne ponyal. 
2019-41-21 17:41:57.079 [main] INFO  name - Sorted lexemes by symbol:
2019-41-21 17:41:57.079 [main] INFO  name - Kartoshka. 
2019-41-21 17:41:57.079 [main] INFO  name - Koshka 
2019-41-21 17:41:57.080 [main] INFO  name - Sobaka 
2019-41-21 17:41:57.080 [main] INFO  name - Ssd. 
2019-41-21 17:41:57.080 [main] INFO  name - Tak. 
2019-41-21 17:41:57.080 [main] INFO  name - Vot. 
2019-41-21 17:41:57.080 [main] INFO  name - ponyal. 
2019-41-21 17:41:57.081 [main] INFO  name - Ne 
2019-49-21 17:49:49.119 [main] INFO  name - Restored text:
2019-49-21 17:49:49.121 [main] INFO  name - 3
2019-49-21 17:49:49.123 [main] INFO  name -     Sobaka Koshka Kartoshka. Vot. Tak. 
    Ssd. 
    Ne ponyal. 

2019-49-21 17:49:49.125 [main] INFO  name - Sorted paragraphs:
2019-49-21 17:49:49.125 [main] INFO  name - Ssd. 
2019-49-21 17:49:49.126 [main] INFO  name - Ne ponyal. 
2019-49-21 17:49:49.126 [main] INFO  name - Sobaka Koshka Kartoshka. Vot. Tak. 
2019-49-21 17:49:49.129 [main] INFO  name - Sorted words in sentences:
2019-49-21 17:49:49.129 [main] INFO  name - Sobaka Koshka Kartoshka. 
2019-49-21 17:49:49.129 [main] INFO  name - Vot. 
2019-49-21 17:49:49.129 [main] INFO  name - Tak. 
2019-49-21 17:49:49.129 [main] INFO  name - Ssd. 
2019-49-21 17:49:49.129 [main] INFO  name - Ne ponyal. 
2019-49-21 17:49:49.132 [main] INFO  name - Sorted lexemes by symbol:
2019-49-21 17:49:49.132 [main] INFO  name - Kartoshka. 
2019-49-21 17:49:49.132 [main] INFO  name - Koshka 
2019-49-21 17:49:49.132 [main] INFO  name - Sobaka 
2019-49-21 17:49:49.133 [main] INFO  name - Ssd. 
2019-49-21 17:49:49.133 [main] INFO  name - Tak. 
2019-49-21 17:49:49.133 [main] INFO  name - Vot. 
2019-49-21 17:49:49.133 [main] INFO  name - ponyal. 
2019-49-21 17:49:49.133 [main] INFO  name - Ne 
2019-07-21 18:07:04.759 [main] INFO  name - Restored text:
2019-07-21 18:07:04.762 [main] INFO  name - 3
2019-07-21 18:07:04.763 [main] INFO  name -     Sobaka Koshka Kartoshka. Vot. Tak. 
    Ssd. 
    Ne ponyal. 

2019-07-21 18:07:04.765 [main] INFO  name - Sorted paragraphs:
2019-07-21 18:07:04.766 [main] INFO  name - Ssd. 
2019-07-21 18:07:04.766 [main] INFO  name - Ne ponyal. 
2019-07-21 18:07:04.766 [main] INFO  name - Sobaka Koshka Kartoshka. Vot. Tak. 
2019-07-21 18:07:04.769 [main] INFO  name - Sorted words in sentences:
2019-07-21 18:07:04.769 [main] INFO  name - Sobaka Koshka Kartoshka. 
2019-07-21 18:07:04.769 [main] INFO  name - Vot. 
2019-07-21 18:07:04.769 [main] INFO  name - Tak. 
2019-07-21 18:07:04.770 [main] INFO  name - Ssd. 
2019-07-21 18:07:04.770 [main] INFO  name - Ne ponyal. 
2019-07-21 18:07:04.772 [main] INFO  name - Sorted lexemes by symbol:
2019-07-21 18:07:04.773 [main] INFO  name - Kartoshka. 
2019-07-21 18:07:04.773 [main] INFO  name - Koshka 
2019-07-21 18:07:04.773 [main] INFO  name - Sobaka 
2019-07-21 18:07:04.773 [main] INFO  name - Ssd. 
2019-07-21 18:07:04.774 [main] INFO  name - Tak. 
2019-07-21 18:07:04.774 [main] INFO  name - Vot. 
2019-07-21 18:07:04.774 [main] INFO  name - ponyal. 
2019-07-21 18:07:04.774 [main] INFO  name - Ne 
